#
# There is insufficient memory for the Java Runtime Environment to continue.
# Native memory allocation (mmap) failed to map 65536 bytes for Failed to commit metaspace.
# Possible reasons:
#   The system is out of physical RAM or swap space
#   The process is running with CompressedOops enabled, and the Java Heap may be blocking the growth of the native heap
# Possible solutions:
#   Reduce memory load on the system
#   Increase physical memory or swap space
#   Check if swap backing store is full
#   Decrease Java heap size (-Xmx/-Xms)
#   Decrease number of Java threads
#   Decrease Java thread stack sizes (-Xss)
#   Set larger code cache with -XX:ReservedCodeCacheSize=
#   JVM is running with Unscaled Compressed Oops mode in which the Java heap is
#     placed in the first 4GB address space. The Java Heap base address is the
#     maximum limit for the native heap growth. Please use -XX:HeapBaseMinAddress
#     to set the Java Heap base and to place the Java Heap above 4GB virtual address.
# This output file may be truncated or incomplete.
#
#  Out of Memory Error (virtualSpaceNode.cpp:110), pid=21180, tid=4964
#
# JRE version: Java(TM) SE Runtime Environment (19.0+36) (build 19+36-2238)
# Java VM: Java HotSpot(TM) 64-Bit Server VM (19+36-2238, mixed mode, sharing, tiered, compressed oops, compressed class ptrs, g1 gc, windows-amd64)
# No core dump will be written. Minidumps are not enabled by default on client versions of Windows
#

---------------  S U M M A R Y ------------

Command Line: -Dfile.encoding=UTF-8 --module-path=E:\Git\BanAoSoMi_DuAn1\DuAn1.Nhom1\build\classes View.BanAoSoMi

Host: 11th Gen Intel(R) Core(TM) i3-1115G4 @ 3.00GHz, 4 cores, 7G,  Windows 11 , 64 bit Build 22621 (10.0.22621.2506)
Time: Mon Nov 20 00:00:33 2023 SE Asia Standard Time elapsed time: 0.439317 seconds (0d 0h 0m 0s)

---------------  T H R E A D  ---------------

Current thread (0x0000019b88ddf370):  JavaThread "main" [_thread_in_vm, id=4964, stack(0x00000039c7900000,0x00000039c7a00000)]

Stack: [0x00000039c7900000,0x00000039c7a00000]
Native frames: (J=compiled Java code, j=interpreted, Vv=VM code, C=native code)
V  [jvm.dll+0x6ee8fa]
V  [jvm.dll+0x857a1e]
V  [jvm.dll+0x85940e]
V  [jvm.dll+0x859ac3]
V  [jvm.dll+0x28291f]
V  [jvm.dll+0x85369b]
V  [jvm.dll+0x693276]
V  [jvm.dll+0x6932da]
V  [jvm.dll+0x695bd3]
V  [jvm.dll+0x695a9e]
V  [jvm.dll+0x693c9e]
V  [jvm.dll+0x214d4f]
V  [jvm.dll+0x21e1c0]
V  [jvm.dll+0x21e475]
V  [jvm.dll+0x21edd1]
V  [jvm.dll+0x214571]
V  [jvm.dll+0x5aa2d6]
V  [jvm.dll+0x22567a]
V  [jvm.dll+0x7ccb72]
V  [jvm.dll+0x7cdfba]
V  [jvm.dll+0x7ce2e8]
V  [jvm.dll+0x4718ce]
C  [java.dll+0x13e9]

Java frames: (J=compiled Java code, j=interpreted, Vv=VM code)
j  java.lang.Class.forName0(Ljava/lang/String;ZLjava/lang/ClassLoader;Ljava/lang/Class;)Ljava/lang/Class;+0 java.base@19
j  java.lang.Class.forName(Ljava/lang/String;Ljava/lang/Class;)Ljava/lang/Class;+19 java.base@19
j  java.lang.Class.forName(Ljava/lang/String;)Ljava/lang/Class;+6 java.base@19
j  javax.swing.plaf.nimbus.NimbusDefaults$LazyStyle$Part.<init>(Ljavax/swing/plaf/nimbus/NimbusDefaults$LazyStyle;Ljava/lang/String;)V+75 java.desktop@19
j  javax.swing.plaf.nimbus.NimbusDefaults$LazyStyle.<init>(Ljavax/swing/plaf/nimbus/NimbusDefaults;Ljava/lang/String;)V+132 java.desktop@19
j  javax.swing.plaf.nimbus.NimbusDefaults.register(Ljavax/swing/plaf/synth/Region;Ljava/lang/String;)V+52 java.desktop@19
j  javax.swing.plaf.nimbus.NimbusDefaults.<init>()V+912 java.desktop@19
j  javax.swing.plaf.nimbus.NimbusLookAndFeel.<init>()V+31 java.desktop@19
j  java.lang.invoke.DirectMethodHandle$Holder.newInvokeSpecial(Ljava/lang/Object;)Ljava/lang/Object;+15 java.base@19
j  java.lang.invoke.Invokers$Holder.invokeExact_MT(Ljava/lang/Object;Ljava/lang/Object;)Ljava/lang/Object;+18 java.base@19
j  jdk.internal.reflect.DirectConstructorHandleAccessor.invokeImpl([Ljava/lang/Object;)Ljava/lang/Object;+44 java.base@19
j  jdk.internal.reflect.DirectConstructorHandleAccessor.newInstance([Ljava/lang/Object;)Ljava/lang/Object;+68 java.base@19
j  java.lang.reflect.Constructor.newInstanceWithCaller([Ljava/lang/Object;ZLjava/lang/Class;)Ljava/lang/Object;+41 java.base@19
j  java.lang.reflect.ReflectAccess.newInstance(Ljava/lang/reflect/Constructor;[Ljava/lang/Object;Ljava/lang/Class;)Ljava/lang/Object;+4 java.base@19
j  jdk.internal.reflect.ReflectionFactory.newInstance(Ljava/lang/reflect/Constructor;[Ljava/lang/Object;Ljava/lang/Class;)Ljava/lang/Object;+7 java.base@19
j  java.lang.Class.newInstance()Ljava/lang/Object;+117 java.base@19
j  javax.swing.UIManager.setLookAndFeel(Ljava/lang/String;)V+28 java.desktop@19
j  View.BanAoSoMi.main([Ljava/lang/String;)V+38
v  ~StubRoutines::call_stub 0x0000019b982610e8

---------------  P R O C E S S  ---------------

Threads class SMR info:
_java_thread_list=0x0000019baaee7e40, length=15, elements={
0x0000019b88ddf370, 0x0000019ba6ad4740, 0x0000019ba6ad5400, 0x0000019ba6ad7450,
0x0000019ba6ad8e80, 0x0000019ba6adb050, 0x0000019ba6ae1720, 0x0000019ba6ae6b50,
0x0000019ba6ae8400, 0x0000019ba6afdcf0, 0x0000019ba6aa8f00, 0x0000019baaea0840,
0x0000019baaf89100, 0x0000019bab044020, 0x0000019bab04c580
}

Java Threads: ( => current thread )
=>0x0000019b88ddf370 JavaThread "main" [_thread_in_vm, id=4964, stack(0x00000039c7900000,0x00000039c7a00000)]
  0x0000019ba6ad4740 JavaThread "Reference Handler" daemon [_thread_blocked, id=13528, stack(0x00000039c8000000,0x00000039c8100000)]
  0x0000019ba6ad5400 JavaThread "Finalizer" daemon [_thread_blocked, id=9708, stack(0x00000039c8100000,0x00000039c8200000)]
  0x0000019ba6ad7450 JavaThread "Signal Dispatcher" daemon [_thread_blocked, id=15884, stack(0x00000039c8200000,0x00000039c8300000)]
  0x0000019ba6ad8e80 JavaThread "Attach Listener" daemon [_thread_blocked, id=19464, stack(0x00000039c8300000,0x00000039c8400000)]
  0x0000019ba6adb050 JavaThread "Service Thread" daemon [_thread_blocked, id=5388, stack(0x00000039c8400000,0x00000039c8500000)]
  0x0000019ba6ae1720 JavaThread "Monitor Deflation Thread" daemon [_thread_blocked, id=17312, stack(0x00000039c8500000,0x00000039c8600000)]
  0x0000019ba6ae6b50 JavaThread "C2 CompilerThread0" daemon [_thread_blocked, id=14592, stack(0x00000039c8600000,0x00000039c8700000)]
  0x0000019ba6ae8400 JavaThread "C1 CompilerThread0" daemon [_thread_blocked, id=16768, stack(0x00000039c8700000,0x00000039c8800000)]
  0x0000019ba6afdcf0 JavaThread "Sweeper thread" daemon [_thread_blocked, id=20052, stack(0x00000039c8800000,0x00000039c8900000)]
  0x0000019ba6aa8f00 JavaThread "Common-Cleaner" daemon [_thread_blocked, id=18896, stack(0x00000039c8900000,0x00000039c8a00000)]
  0x0000019baaea0840 JavaThread "Notification Thread" daemon [_thread_blocked, id=19400, stack(0x00000039c8a00000,0x00000039c8b00000)]
  0x0000019baaf89100 JavaThread "Java2D Disposer" daemon [_thread_blocked, id=10988, stack(0x00000039c8c00000,0x00000039c8d00000)]
  0x0000019bab044020 JavaThread "AWT-Shutdown" [_thread_blocked, id=7112, stack(0x00000039c8d00000,0x00000039c8e00000)]
  0x0000019bab04c580 JavaThread "AWT-Windows" daemon [_thread_in_native, id=6884, stack(0x00000039c8e00000,0x00000039c8f00000)]

Other Threads:
  0x0000019ba6ab8d70 VMThread "VM Thread" [stack: 0x00000039c7f00000,0x00000039c8000000] [id=12276]
  0x0000019baaea0d80 WatcherThread "VM Periodic Task Thread" [stack: 0x00000039c8b00000,0x00000039c8c00000] [id=15596]
  0x0000019b88e3c7d0 WorkerThread "GC Thread#0" [stack: 0x00000039c7a00000,0x00000039c7b00000] [id=21064]
  0x0000019b88e4cea0 ConcurrentGCThread "G1 Main Marker" [stack: 0x00000039c7b00000,0x00000039c7c00000] [id=4220]
  0x0000019b88e4e070 WorkerThread "G1 Conc#0" [stack: 0x00000039c7c00000,0x00000039c7d00000] [id=11308]
  0x0000019b88e9d0d0 ConcurrentGCThread "G1 Refine#0" [stack: 0x00000039c7d00000,0x00000039c7e00000] [id=21032]
  0x0000019b88e9dc10 ConcurrentGCThread "G1 Service" [stack: 0x00000039c7e00000,0x00000039c7f00000] [id=18112]

Threads with active compile tasks:

VM state: not at safepoint (normal execution)

VM Mutex/Monitor currently owned by a thread:  ([mutex/lock_event])
[0x0000019b88dd7fe0] Metaspace_lock - owner thread: 0x0000019b88ddf370

Heap address: 0x0000000085800000, size: 1960 MB, Compressed Oops mode: 32-bit

CDS archive(s) mapped at: [0x0000000800000000-0x0000000800c40000-0x0000000800c40000), size 12845056, SharedBaseAddress: 0x0000000800000000, ArchiveRelocationMode: 0.
Compressed class space mapped at: 0x0000000801000000-0x0000000841000000, reserved size: 1073741824
Narrow klass base: 0x0000000800000000, Narrow klass shift: 0, Narrow klass range: 0x100000000

GC Precious Log:
 CardTable entry size: 512
 Card Set container configuration: InlinePtr #cards 5 size 8 Array Of Cards #cards 12 size 40 Howl #buckets 4 coarsen threshold 1843 Howl Bitmap #cards 512 size 80 coarsen threshold 460 Card regions per heap region 1 cards per card region 2048
 CPUs: 4 total, 4 available
 Memory: 7835M
 Large Page Support: Disabled
 NUMA Support: Disabled
 Compressed Oops: Enabled (32-bit)
 Heap Region Size: 1M
 Heap Min Capacity: 8M
 Heap Initial Capacity: 124M
 Heap Max Capacity: 1960M
 Pre-touch: Disabled
 Parallel Workers: 4
 Concurrent Workers: 1
 Concurrent Refinement Workers: 4
 Periodic GC: Disabled

Heap:
 garbage-first heap   total 126976K, used 5120K [0x0000000085800000, 0x0000000100000000)
  region size 1024K, 6 young (6144K), 0 survivors (0K)
 Metaspace       used 5531K, committed 5696K, reserved 1114112K
  class space    used 614K, committed 704K, reserved 1048576K

Heap Regions: E=young(eden), S=young(survivor), O=old, HS=humongous(starts), HC=humongous(continues), CS=collection set, F=free, OA=open archive, CA=closed archive, TAMS=top-at-mark-start (previous, next)
|   0|0x0000000085800000, 0x0000000085800000, 0x0000000085900000|  0%| F|  |TAMS 0x0000000085800000, 0x0000000085800000| Untracked 
|   1|0x0000000085900000, 0x0000000085900000, 0x0000000085a00000|  0%| F|  |TAMS 0x0000000085900000, 0x0000000085900000| Untracked 
|   2|0x0000000085a00000, 0x0000000085a00000, 0x0000000085b00000|  0%| F|  |TAMS 0x0000000085a00000, 0x0000000085a00000| Untracked 
|   3|0x0000000085b00000, 0x0000000085b00000, 0x0000000085c00000|  0%| F|  |TAMS 0x0000000085b00000, 0x0000000085b00000| Untracked 
|   4|0x0000000085c00000, 0x0000000085c00000, 0x0000000085d00000|  0%| F|  |TAMS 0x0000000085c00000, 0x0000000085c00000| Untracked 
|   5|0x0000000085d00000, 0x0000000085d00000, 0x0000000085e00000|  0%| F|  |TAMS 0x0000000085d00000, 0x0000000085d00000| Untracked 
|   6|0x0000000085e00000, 0x0000000085e00000, 0x0000000085f00000|  0%| F|  |TAMS 0x0000000085e00000, 0x0000000085e00000| Untracked 
|   7|0x0000000085f00000, 0x0000000085f00000, 0x0000000086000000|  0%| F|  |TAMS 0x0000000085f00000, 0x0000000085f00000| Untracked 
|   8|0x0000000086000000, 0x0000000086000000, 0x0000000086100000|  0%| F|  |TAMS 0x0000000086000000, 0x0000000086000000| Untracked 
|   9|0x0000000086100000, 0x0000000086100000, 0x0000000086200000|  0%| F|  |TAMS 0x0000000086100000, 0x0000000086100000| Untracked 
|  10|0x0000000086200000, 0x0000000086200000, 0x0000000086300000|  0%| F|  |TAMS 0x0000000086200000, 0x0000000086200000| Untracked 
|  11|0x0000000086300000, 0x0000000086300000, 0x0000000086400000|  0%| F|  |TAMS 0x0000000086300000, 0x0000000086300000| Untracked 
|  12|0x0000000086400000, 0x0000000086400000, 0x0000000086500000|  0%| F|  |TAMS 0x0000000086400000, 0x0000000086400000| Untracked 
|  13|0x0000000086500000, 0x0000000086500000, 0x0000000086600000|  0%| F|  |TAMS 0x0000000086500000, 0x0000000086500000| Untracked 
|  14|0x0000000086600000, 0x0000000086600000, 0x0000000086700000|  0%| F|  |TAMS 0x0000000086600000, 0x0000000086600000| Untracked 
|  15|0x0000000086700000, 0x0000000086700000, 0x0000000086800000|  0%| F|  |TAMS 0x0000000086700000, 0x0000000086700000| Untracked 
|  16|0x0000000086800000, 0x0000000086800000, 0x0000000086900000|  0%| F|  |TAMS 0x0000000086800000, 0x0000000086800000| Untracked 
|  17|0x0000000086900000, 0x0000000086900000, 0x0000000086a00000|  0%| F|  |TAMS 0x0000000086900000, 0x0000000086900000| Untracked 
|  18|0x0000000086a00000, 0x0000000086a00000, 0x0000000086b00000|  0%| F|  |TAMS 0x0000000086a00000, 0x0000000086a00000| Untracked 
|  19|0x0000000086b00000, 0x0000000086b00000, 0x0000000086c00000|  0%| F|  |TAMS 0x0000000086b00000, 0x0000000086b00000| Untracked 
|  20|0x0000000086c00000, 0x0000000086c00000, 0x0000000086d00000|  0%| F|  |TAMS 0x0000000086c00000, 0x0000000086c00000| Untracked 
|  21|0x0000000086d00000, 0x0000000086d00000, 0x0000000086e00000|  0%| F|  |TAMS 0x0000000086d00000, 0x0000000086d00000| Untracked 
|  22|0x0000000086e00000, 0x0000000086e00000, 0x0000000086f00000|  0%| F|  |TAMS 0x0000000086e00000, 0x0000000086e00000| Untracked 
|  23|0x0000000086f00000, 0x0000000086f00000, 0x0000000087000000|  0%| F|  |TAMS 0x0000000086f00000, 0x0000000086f00000| Untracked 
|  24|0x0000000087000000, 0x0000000087000000, 0x0000000087100000|  0%| F|  |TAMS 0x0000000087000000, 0x0000000087000000| Untracked 
|  25|0x0000000087100000, 0x0000000087100000, 0x0000000087200000|  0%| F|  |TAMS 0x0000000087100000, 0x0000000087100000| Untracked 
|  26|0x0000000087200000, 0x0000000087200000, 0x0000000087300000|  0%| F|  |TAMS 0x0000000087200000, 0x0000000087200000| Untracked 
|  27|0x0000000087300000, 0x0000000087300000, 0x0000000087400000|  0%| F|  |TAMS 0x0000000087300000, 0x0000000087300000| Untracked 
|  28|0x0000000087400000, 0x0000000087400000, 0x0000000087500000|  0%| F|  |TAMS 0x0000000087400000, 0x0000000087400000| Untracked 
|  29|0x0000000087500000, 0x0000000087500000, 0x0000000087600000|  0%| F|  |TAMS 0x0000000087500000, 0x0000000087500000| Untracked 
|  30|0x0000000087600000, 0x0000000087600000, 0x0000000087700000|  0%| F|  |TAMS 0x0000000087600000, 0x0000000087600000| Untracked 
|  31|0x0000000087700000, 0x0000000087700000, 0x0000000087800000|  0%| F|  |TAMS 0x0000000087700000, 0x0000000087700000| Untracked 
|  32|0x0000000087800000, 0x0000000087800000, 0x0000000087900000|  0%| F|  |TAMS 0x0000000087800000, 0x0000000087800000| Untracked 
|  33|0x0000000087900000, 0x0000000087900000, 0x0000000087a00000|  0%| F|  |TAMS 0x0000000087900000, 0x0000000087900000| Untracked 
|  34|0x0000000087a00000, 0x0000000087a00000, 0x0000000087b00000|  0%| F|  |TAMS 0x0000000087a00000, 0x0000000087a00000| Untracked 
|  35|0x0000000087b00000, 0x0000000087b00000, 0x0000000087c00000|  0%| F|  |TAMS 0x0000000087b00000, 0x0000000087b00000| Untracked 
|  36|0x0000000087c00000, 0x0000000087c00000, 0x0000000087d00000|  0%| F|  |TAMS 0x0000000087c00000, 0x0000000087c00000| Untracked 
|  37|0x0000000087d00000, 0x0000000087d00000, 0x0000000087e00000|  0%| F|  |TAMS 0x0000000087d00000, 0x0000000087d00000| Untracked 
|  38|0x0000000087e00000, 0x0000000087e00000, 0x0000000087f00000|  0%| F|  |TAMS 0x0000000087e00000, 0x0000000087e00000| Untracked 
|  39|0x0000000087f00000, 0x0000000087f00000, 0x0000000088000000|  0%| F|  |TAMS 0x0000000087f00000, 0x0000000087f00000| Untracked 
|  40|0x0000000088000000, 0x0000000088000000, 0x0000000088100000|  0%| F|  |TAMS 0x0000000088000000, 0x0000000088000000| Untracked 
|  41|0x0000000088100000, 0x0000000088100000, 0x0000000088200000|  0%| F|  |TAMS 0x0000000088100000, 0x0000000088100000| Untracked 
|  42|0x0000000088200000, 0x0000000088200000, 0x0000000088300000|  0%| F|  |TAMS 0x0000000088200000, 0x0000000088200000| Untracked 
|  43|0x0000000088300000, 0x0000000088300000, 0x0000000088400000|  0%| F|  |TAMS 0x0000000088300000, 0x0000000088300000| Untracked 
|  44|0x0000000088400000, 0x0000000088400000, 0x0000000088500000|  0%| F|  |TAMS 0x0000000088400000, 0x0000000088400000| Untracked 
|  45|0x0000000088500000, 0x0000000088500000, 0x0000000088600000|  0%| F|  |TAMS 0x0000000088500000, 0x0000000088500000| Untracked 
|  46|0x0000000088600000, 0x0000000088600000, 0x0000000088700000|  0%| F|  |TAMS 0x0000000088600000, 0x0000000088600000| Untracked 
|  47|0x0000000088700000, 0x0000000088700000, 0x0000000088800000|  0%| F|  |TAMS 0x0000000088700000, 0x0000000088700000| Untracked 
|  48|0x0000000088800000, 0x0000000088800000, 0x0000000088900000|  0%| F|  |TAMS 0x0000000088800000, 0x0000000088800000| Untracked 
|  49|0x0000000088900000, 0x0000000088900000, 0x0000000088a00000|  0%| F|  |TAMS 0x0000000088900000, 0x0000000088900000| Untracked 
|  50|0x0000000088a00000, 0x0000000088a00000, 0x0000000088b00000|  0%| F|  |TAMS 0x0000000088a00000, 0x0000000088a00000| Untracked 
|  51|0x0000000088b00000, 0x0000000088b00000, 0x0000000088c00000|  0%| F|  |TAMS 0x0000000088b00000, 0x0000000088b00000| Untracked 
|  52|0x0000000088c00000, 0x0000000088c00000, 0x0000000088d00000|  0%| F|  |TAMS 0x0000000088c00000, 0x0000000088c00000| Untracked 
|  53|0x0000000088d00000, 0x0000000088d00000, 0x0000000088e00000|  0%| F|  |TAMS 0x0000000088d00000, 0x0000000088d00000| Untracked 
|  54|0x0000000088e00000, 0x0000000088e00000, 0x0000000088f00000|  0%| F|  |TAMS 0x0000000088e00000, 0x0000000088e00000| Untracked 
|  55|0x0000000088f00000, 0x0000000088f00000, 0x0000000089000000|  0%| F|  |TAMS 0x0000000088f00000, 0x0000000088f00000| Untracked 
|  56|0x0000000089000000, 0x0000000089000000, 0x0000000089100000|  0%| F|  |TAMS 0x0000000089000000, 0x0000000089000000| Untracked 
|  57|0x0000000089100000, 0x0000000089100000, 0x0000000089200000|  0%| F|  |TAMS 0x0000000089100000, 0x0000000089100000| Untracked 
|  58|0x0000000089200000, 0x0000000089200000, 0x0000000089300000|  0%| F|  |TAMS 0x0000000089200000, 0x0000000089200000| Untracked 
|  59|0x0000000089300000, 0x0000000089300000, 0x0000000089400000|  0%| F|  |TAMS 0x0000000089300000, 0x0000000089300000| Untracked 
|  60|0x0000000089400000, 0x0000000089400000, 0x0000000089500000|  0%| F|  |TAMS 0x0000000089400000, 0x0000000089400000| Untracked 
|  61|0x0000000089500000, 0x0000000089500000, 0x0000000089600000|  0%| F|  |TAMS 0x0000000089500000, 0x0000000089500000| Untracked 
|  62|0x0000000089600000, 0x0000000089600000, 0x0000000089700000|  0%| F|  |TAMS 0x0000000089600000, 0x0000000089600000| Untracked 
|  63|0x0000000089700000, 0x0000000089700000, 0x0000000089800000|  0%| F|  |TAMS 0x0000000089700000, 0x0000000089700000| Untracked 
|  64|0x0000000089800000, 0x0000000089800000, 0x0000000089900000|  0%| F|  |TAMS 0x0000000089800000, 0x0000000089800000| Untracked 
|  65|0x0000000089900000, 0x0000000089900000, 0x0000000089a00000|  0%| F|  |TAMS 0x0000000089900000, 0x0000000089900000| Untracked 
|  66|0x0000000089a00000, 0x0000000089a00000, 0x0000000089b00000|  0%| F|  |TAMS 0x0000000089a00000, 0x0000000089a00000| Untracked 
|  67|0x0000000089b00000, 0x0000000089b00000, 0x0000000089c00000|  0%| F|  |TAMS 0x0000000089b00000, 0x0000000089b00000| Untracked 
|  68|0x0000000089c00000, 0x0000000089c00000, 0x0000000089d00000|  0%| F|  |TAMS 0x0000000089c00000, 0x0000000089c00000| Untracked 
|  69|0x0000000089d00000, 0x0000000089d00000, 0x0000000089e00000|  0%| F|  |TAMS 0x0000000089d00000, 0x0000000089d00000| Untracked 
|  70|0x0000000089e00000, 0x0000000089e00000, 0x0000000089f00000|  0%| F|  |TAMS 0x0000000089e00000, 0x0000000089e00000| Untracked 
|  71|0x0000000089f00000, 0x0000000089f00000, 0x000000008a000000|  0%| F|  |TAMS 0x0000000089f00000, 0x0000000089f00000| Untracked 
|  72|0x000000008a000000, 0x000000008a000000, 0x000000008a100000|  0%| F|  |TAMS 0x000000008a000000, 0x000000008a000000| Untracked 
|  73|0x000000008a100000, 0x000000008a100000, 0x000000008a200000|  0%| F|  |TAMS 0x000000008a100000, 0x000000008a100000| Untracked 
|  74|0x000000008a200000, 0x000000008a200000, 0x000000008a300000|  0%| F|  |TAMS 0x000000008a200000, 0x000000008a200000| Untracked 
|  75|0x000000008a300000, 0x000000008a300000, 0x000000008a400000|  0%| F|  |TAMS 0x000000008a300000, 0x000000008a300000| Untracked 
|  76|0x000000008a400000, 0x000000008a400000, 0x000000008a500000|  0%| F|  |TAMS 0x000000008a400000, 0x000000008a400000| Untracked 
|  77|0x000000008a500000, 0x000000008a500000, 0x000000008a600000|  0%| F|  |TAMS 0x000000008a500000, 0x000000008a500000| Untracked 
|  78|0x000000008a600000, 0x000000008a600000, 0x000000008a700000|  0%| F|  |TAMS 0x000000008a600000, 0x000000008a600000| Untracked 
|  79|0x000000008a700000, 0x000000008a700000, 0x000000008a800000|  0%| F|  |TAMS 0x000000008a700000, 0x000000008a700000| Untracked 
|  80|0x000000008a800000, 0x000000008a800000, 0x000000008a900000|  0%| F|  |TAMS 0x000000008a800000, 0x000000008a800000| Untracked 
|  81|0x000000008a900000, 0x000000008a900000, 0x000000008aa00000|  0%| F|  |TAMS 0x000000008a900000, 0x000000008a900000| Untracked 
|  82|0x000000008aa00000, 0x000000008aa00000, 0x000000008ab00000|  0%| F|  |TAMS 0x000000008aa00000, 0x000000008aa00000| Untracked 
|  83|0x000000008ab00000, 0x000000008ab00000, 0x000000008ac00000|  0%| F|  |TAMS 0x000000008ab00000, 0x000000008ab00000| Untracked 
|  84|0x000000008ac00000, 0x000000008ac00000, 0x000000008ad00000|  0%| F|  |TAMS 0x000000008ac00000, 0x000000008ac00000| Untracked 
|  85|0x000000008ad00000, 0x000000008ad00000, 0x000000008ae00000|  0%| F|  |TAMS 0x000000008ad00000, 0x000000008ad00000| Untracked 
|  86|0x000000008ae00000, 0x000000008ae00000, 0x000000008af00000|  0%| F|  |TAMS 0x000000008ae00000, 0x000000008ae00000| Untracked 
|  87|0x000000008af00000, 0x000000008af00000, 0x000000008b000000|  0%| F|  |TAMS 0x000000008af00000, 0x000000008af00000| Untracked 
|  88|0x000000008b000000, 0x000000008b000000, 0x000000008b100000|  0%| F|  |TAMS 0x000000008b000000, 0x000000008b000000| Untracked 
|  89|0x000000008b100000, 0x000000008b100000, 0x000000008b200000|  0%| F|  |TAMS 0x000000008b100000, 0x000000008b100000| Untracked 
|  90|0x000000008b200000, 0x000000008b200000, 0x000000008b300000|  0%| F|  |TAMS 0x000000008b200000, 0x000000008b200000| Untracked 
|  91|0x000000008b300000, 0x000000008b300000, 0x000000008b400000|  0%| F|  |TAMS 0x000000008b300000, 0x000000008b300000| Untracked 
|  92|0x000000008b400000, 0x000000008b400000, 0x000000008b500000|  0%| F|  |TAMS 0x000000008b400000, 0x000000008b400000| Untracked 
|  93|0x000000008b500000, 0x000000008b500000, 0x000000008b600000|  0%| F|  |TAMS 0x000000008b500000, 0x000000008b500000| Untracked 
|  94|0x000000008b600000, 0x000000008b600000, 0x000000008b700000|  0%| F|  |TAMS 0x000000008b600000, 0x000000008b600000| Untracked 
|  95|0x000000008b700000, 0x000000008b700000, 0x000000008b800000|  0%| F|  |TAMS 0x000000008b700000, 0x000000008b700000| Untracked 
|  96|0x000000008b800000, 0x000000008b800000, 0x000000008b900000|  0%| F|  |TAMS 0x000000008b800000, 0x000000008b800000| Untracked 
|  97|0x000000008b900000, 0x000000008b900000, 0x000000008ba00000|  0%| F|  |TAMS 0x000000008b900000, 0x000000008b900000| Untracked 
|  98|0x000000008ba00000, 0x000000008ba00000, 0x000000008bb00000|  0%| F|  |TAMS 0x000000008ba00000, 0x000000008ba00000| Untracked 
|  99|0x000000008bb00000, 0x000000008bb00000, 0x000000008bc00000|  0%| F|  |TAMS 0x000000008bb00000, 0x000000008bb00000| Untracked 
| 100|0x000000008bc00000, 0x000000008bc00000, 0x000000008bd00000|  0%| F|  |TAMS 0x000000008bc00000, 0x000000008bc00000| Untracked 
| 101|0x000000008bd00000, 0x000000008bd00000, 0x000000008be00000|  0%| F|  |TAMS 0x000000008bd00000, 0x000000008bd00000| Untracked 
| 102|0x000000008be00000, 0x000000008be00000, 0x000000008bf00000|  0%| F|  |TAMS 0x000000008be00000, 0x000000008be00000| Untracked 
| 103|0x000000008bf00000, 0x000000008bf00000, 0x000000008c000000|  0%| F|  |TAMS 0x000000008bf00000, 0x000000008bf00000| Untracked 
| 104|0x000000008c000000, 0x000000008c000000, 0x000000008c100000|  0%| F|  |TAMS 0x000000008c000000, 0x000000008c000000| Untracked 
| 105|0x000000008c100000, 0x000000008c100000, 0x000000008c200000|  0%| F|  |TAMS 0x000000008c100000, 0x000000008c100000| Untracked 
| 106|0x000000008c200000, 0x000000008c200000, 0x000000008c300000|  0%| F|  |TAMS 0x000000008c200000, 0x000000008c200000| Untracked 
| 107|0x000000008c300000, 0x000000008c300000, 0x000000008c400000|  0%| F|  |TAMS 0x000000008c300000, 0x000000008c300000| Untracked 
| 108|0x000000008c400000, 0x000000008c400000, 0x000000008c500000|  0%| F|  |TAMS 0x000000008c400000, 0x000000008c400000| Untracked 
| 109|0x000000008c500000, 0x000000008c500000, 0x000000008c600000|  0%| F|  |TAMS 0x000000008c500000, 0x000000008c500000| Untracked 
| 110|0x000000008c600000, 0x000000008c600000, 0x000000008c700000|  0%| F|  |TAMS 0x000000008c600000, 0x000000008c600000| Untracked 
| 111|0x000000008c700000, 0x000000008c700000, 0x000000008c800000|  0%| F|  |TAMS 0x000000008c700000, 0x000000008c700000| Untracked 
| 112|0x000000008c800000, 0x000000008c800000, 0x000000008c900000|  0%| F|  |TAMS 0x000000008c800000, 0x000000008c800000| Untracked 
| 113|0x000000008c900000, 0x000000008c900000, 0x000000008ca00000|  0%| F|  |TAMS 0x000000008c900000, 0x000000008c900000| Untracked 
| 114|0x000000008ca00000, 0x000000008ca00000, 0x000000008cb00000|  0%| F|  |TAMS 0x000000008ca00000, 0x000000008ca00000| Untracked 
| 115|0x000000008cb00000, 0x000000008cb00000, 0x000000008cc00000|  0%| F|  |TAMS 0x000000008cb00000, 0x000000008cb00000| Untracked 
| 116|0x000000008cc00000, 0x000000008cc00000, 0x000000008cd00000|  0%| F|  |TAMS 0x000000008cc00000, 0x000000008cc00000| Untracked 
| 117|0x000000008cd00000, 0x000000008cd00000, 0x000000008ce00000|  0%| F|  |TAMS 0x000000008cd00000, 0x000000008cd00000| Untracked 
| 118|0x000000008ce00000, 0x000000008cec83b0, 0x000000008cf00000| 78%| E|  |TAMS 0x000000008ce00000, 0x000000008ce00000| Complete 
| 119|0x000000008cf00000, 0x000000008d000000, 0x000000008d000000|100%| E|CS|TAMS 0x000000008cf00000, 0x000000008cf00000| Complete 
| 120|0x000000008d000000, 0x000000008d100000, 0x000000008d100000|100%| E|CS|TAMS 0x000000008d000000, 0x000000008d000000| Complete 
| 121|0x000000008d100000, 0x000000008d200000, 0x000000008d200000|100%| E|CS|TAMS 0x000000008d100000, 0x000000008d100000| Complete 
| 122|0x000000008d200000, 0x000000008d300000, 0x000000008d300000|100%| E|CS|TAMS 0x000000008d200000, 0x000000008d200000| Complete 
| 123|0x000000008d300000, 0x000000008d400000, 0x000000008d400000|100%| E|CS|TAMS 0x000000008d300000, 0x000000008d300000| Complete 

Card table byte_map: [0x0000019ba0110000,0x0000019ba04f0000] _byte_map_base: 0x0000019b9fce4000

Marking Bits (Prev, Next): (CMBitMap*) 0x0000019b88e3ce00, (CMBitMap*) 0x0000019b88e3ce40
 Prev Bits: [0x0000019ba08d0000, 0x0000019ba2770000)
 Next Bits: [0x0000019ba2770000, 0x0000019ba4610000)

Polling page: 0x0000019b86d20000

Metaspace:

Usage:
  Non-class:      4.80 MB used.
      Class:    614.09 KB used.
       Both:      5.40 MB used.

Virtual space:
  Non-class space:       64.00 MB reserved,       4.88 MB (  8%) committed,  1 nodes.
      Class space:        1.00 GB reserved,     704.00 KB ( <1%) committed,  1 nodes.
             Both:        1.06 GB reserved,       5.56 MB ( <1%) committed. 

Chunk freelists:
   Non-Class:  2.78 MB
       Class:  3.25 MB
        Both:  6.03 MB

MaxMetaspaceSize: unlimited
CompressedClassSpaceSize: 1.00 GB
Initial GC threshold: 21.00 MB
Current GC threshold: 21.00 MB
CDS: on
MetaspaceReclaimPolicy: balanced
 - commit_granule_bytes: 65536.
 - commit_granule_words: 8192.
 - virtual_space_node_default_size: 8388608.
 - enlarge_chunks_in_place: 1.
 - new_chunks_are_fully_committed: 0.
 - uncommit_free_chunks: 1.
 - use_allocation_guard: 0.


Internal statistics:

num_allocs_failed_limit: 0.
num_arena_births: 110.
num_arena_deaths: 0.
num_vsnodes_births: 2.
num_vsnodes_deaths: 0.
num_space_committed: 89.
num_space_uncommitted: 0.
num_chunks_returned_to_freelist: 0.
num_chunks_taken_from_freelist: 120.
num_chunk_merges: 0.
num_chunk_splits: 82.
num_chunks_enlarged: 54.
num_inconsistent_stats: 0.

CodeHeap 'non-profiled nmethods': size=120000Kb used=166Kb max_used=166Kb free=119834Kb
 bounds [0x0000019b98800000, 0x0000019b98a70000, 0x0000019b9fd30000]
CodeHeap 'profiled nmethods': size=120000Kb used=792Kb max_used=792Kb free=119207Kb
 bounds [0x0000019b90d30000, 0x0000019b90fa0000, 0x0000019b98260000]
CodeHeap 'non-nmethods': size=5760Kb used=1309Kb max_used=1309Kb free=4450Kb
 bounds [0x0000019b98260000, 0x0000019b984d0000, 0x0000019b98800000]
 total_blobs=1097 nmethods=577 adapters=431
 compilation: enabled
              stopped_count=0, restarted_count=0
 full_count=0

Compilation events (20 events):
Event: 0.405 Thread 0x0000019ba6ae8400  571       3       java.lang.CharacterDataLatin1::toLowerCase (39 bytes)
Event: 0.405 Thread 0x0000019ba6ae8400 nmethod 571 0x0000019b90df3290 code [0x0000019b90df3440, 0x0000019b90df3678]
Event: 0.405 Thread 0x0000019ba6ae8400  566       3       sun.awt.FontConfiguration::mapFileName (2 bytes)
Event: 0.405 Thread 0x0000019ba6ae8400 nmethod 566 0x0000019b90df3790 code [0x0000019b90df3920, 0x0000019b90df3a38]
Event: 0.405 Thread 0x0000019ba6ae8400  567       3       sun.awt.windows.WFontConfiguration::getFaceNameFromComponentFontName (2 bytes)
Event: 0.405 Thread 0x0000019ba6ae8400 nmethod 567 0x0000019b90df3b10 code [0x0000019b90df3ca0, 0x0000019b90df3db8]
Event: 0.405 Thread 0x0000019ba6ae8400  569  s    1       sun.font.SunFontManager::getDefaultFontFile (5 bytes)
Event: 0.405 Thread 0x0000019ba6ae8400 nmethod 569 0x0000019b98828710 code [0x0000019b988288a0, 0x0000019b98828a18]
Event: 0.405 Thread 0x0000019ba6ae8400  570  s    1       sun.font.SunFontManager::getDefaultFontFaceName (5 bytes)
Event: 0.405 Thread 0x0000019ba6ae8400 nmethod 570 0x0000019b98828a90 code [0x0000019b98828c20, 0x0000019b98828d98]
Event: 0.421 Thread 0x0000019ba6ae8400  573       3       java.lang.StringConcatHelper::newString (67 bytes)
Event: 0.421 Thread 0x0000019ba6ae8400 nmethod 573 0x0000019b90df3e90 code [0x0000019b90df4100, 0x0000019b90df4ad8]
Event: 0.422 Thread 0x0000019ba6ae8400  574       3       java.util.ArrayList::add (25 bytes)
Event: 0.423 Thread 0x0000019ba6ae8400 nmethod 574 0x0000019b90df4e90 code [0x0000019b90df5060, 0x0000019b90df5488]
Event: 0.423 Thread 0x0000019ba6ae8400  575       1       java.lang.Class::getClassLoader0 (5 bytes)
Event: 0.423 Thread 0x0000019ba6ae8400 nmethod 575 0x0000019b98829510 code [0x0000019b988296a0, 0x0000019b98829758]
Event: 0.429 Thread 0x0000019ba6ae8400  576       3       java.util.AbstractList::<init> (10 bytes)
Event: 0.429 Thread 0x0000019ba6ae8400 nmethod 576 0x0000019b90df5690 code [0x0000019b90df5840, 0x0000019b90df5a18]
Event: 0.434 Thread 0x0000019ba6ae8400  577       3       java.lang.String::endsWith (15 bytes)
Event: 0.434 Thread 0x0000019ba6ae8400 nmethod 577 0x0000019b90df5b10 code [0x0000019b90df5ce0, 0x0000019b90df6028]

GC Heap History (0 events):
No events

Dll operation events (9 events):
Event: 0.013 Loaded shared library C:\Program Files\Java\jdk-19\bin\java.dll
Event: 0.033 Loaded shared library C:\Program Files\Java\jdk-19\bin\jsvml.dll
Event: 0.097 Loaded shared library C:\Program Files\Java\jdk-19\bin\net.dll
Event: 0.099 Loaded shared library C:\Program Files\Java\jdk-19\bin\nio.dll
Event: 0.130 Loaded shared library C:\Program Files\Java\jdk-19\bin\zip.dll
Event: 0.165 Loaded shared library C:\Program Files\Java\jdk-19\bin\jimage.dll
Event: 0.186 Loaded shared library C:\Program Files\Java\jdk-19\bin\awt.dll
Event: 0.370 Loaded shared library C:\Program Files\Java\jdk-19\bin\freetype.dll
Event: 0.372 Loaded shared library C:\Program Files\Java\jdk-19\bin\fontmanager.dll

Deoptimization events (4 events):
Event: 0.296 Thread 0x0000019b88ddf370 Uncommon trap: trap_request=0xffffff45 fr.pc=0x0000019b9880fa3c relative=0x0000000000000a1c
Event: 0.296 Thread 0x0000019b88ddf370 Uncommon trap: reason=unstable_if action=reinterpret pc=0x0000019b9880fa3c method=java.util.HashMap.putVal(ILjava/lang/Object;Ljava/lang/Object;ZZ)Ljava/lang/Object; @ 236 c2
Event: 0.296 Thread 0x0000019b88ddf370 DEOPT PACKING pc=0x0000019b9880fa3c sp=0x00000039c79fe5b0
Event: 0.296 Thread 0x0000019b88ddf370 DEOPT UNPACKING pc=0x0000019b982ca5a3 sp=0x00000039c79fe568 mode 2

Classes loaded (20 events):
Event: 0.432 Loading class javax/swing/ArrayTable done
Event: 0.432 Loading class javax/swing/JFormattedTextField
Event: 0.432 Loading class javax/swing/JFormattedTextField done
Event: 0.432 Loading class javax/swing/JFormattedTextField$CommitAction
Event: 0.432 Loading class javax/swing/JFormattedTextField$CommitAction done
Event: 0.432 Loading class javax/swing/JFormattedTextField$CancelAction
Event: 0.432 Loading class javax/swing/JFormattedTextField$CancelAction done
Event: 0.432 Loading class javax/swing/JPasswordField
Event: 0.432 Loading class javax/swing/JPasswordField done
Event: 0.433 Loading class javax/swing/JTextPane
Event: 0.433 Loading class javax/swing/JEditorPane
Event: 0.433 Loading class javax/swing/JEditorPane done
Event: 0.433 Loading class javax/swing/JTextPane done
Event: 0.434 Loading class javax/swing/JToolBar
Event: 0.434 Loading class javax/swing/JToolBar done
Event: 0.434 Loading class javax/swing/JToolBarSeparator
Event: 0.434 Loading class javax/swing/JToolBarSeparator done
Event: 0.434 Loading class javax/swing/JToolTip
Event: 0.434 Loading class javax/swing/JToolTip done
Event: 0.435 Loading class javax/swing/JTree

Classes unloaded (0 events):
No events

Classes redefined (0 events):
No events

Internal exceptions (20 events):
Event: 0.429 Thread 0x0000019b88ddf370 Exception <a 'java/lang/ClassNotFoundException'{0x000000008ceb5170}: TabbedPane> (0x000000008ceb5170) 
thrown [s\open\src\hotspot\share\classfile\systemDictionary.cpp, line 255]
Event: 0.429 Thread 0x0000019b88ddf370 Exception <a 'java/lang/ClassNotFoundException'{0x000000008ceb54f0}: javax/swing/JTabbedPaneContent> (0x000000008ceb54f0) 
thrown [s\open\src\hotspot\share\classfile\systemDictionary.cpp, line 255]
Event: 0.429 Thread 0x0000019b88ddf370 Exception <a 'java/lang/ClassNotFoundException'{0x000000008ceb5808}: TabbedPaneContent> (0x000000008ceb5808) 
thrown [s\open\src\hotspot\share\classfile\systemDictionary.cpp, line 255]
Event: 0.430 Thread 0x0000019b88ddf370 Exception <a 'java/lang/ClassNotFoundException'{0x000000008ceb5e10}: Table> (0x000000008ceb5e10) 
thrown [s\open\src\hotspot\share\classfile\systemDictionary.cpp, line 255]
Event: 0.430 Thread 0x0000019b88ddf370 Exception <a 'java/lang/ClassNotFoundException'{0x000000008ceb6420}: javax/swing/JTableHeader> (0x000000008ceb6420) 
thrown [s\open\src\hotspot\share\classfile\systemDictionary.cpp, line 255]
Event: 0.430 Thread 0x0000019b88ddf370 Exception <a 'java/lang/ClassNotFoundException'{0x000000008ceb6730}: TableHeader> (0x000000008ceb6730) 
thrown [s\open\src\hotspot\share\classfile\systemDictionary.cpp, line 255]
Event: 0.432 Thread 0x0000019b88ddf370 Exception <a 'java/lang/ClassNotFoundException'{0x000000008ceb7de0}: TextField> (0x000000008ceb7de0) 
thrown [s\open\src\hotspot\share\classfile\systemDictionary.cpp, line 255]
Event: 0.432 Thread 0x0000019b88ddf370 Exception <a 'java/lang/ClassNotFoundException'{0x000000008ceb8490}: FormattedTextField> (0x000000008ceb8490) 
thrown [s\open\src\hotspot\share\classfile\systemDictionary.cpp, line 255]
Event: 0.433 Thread 0x0000019b88ddf370 Exception <a 'java/lang/ClassNotFoundException'{0x000000008ceb8970}: PasswordField> (0x000000008ceb8970) 
thrown [s\open\src\hotspot\share\classfile\systemDictionary.cpp, line 255]
Event: 0.433 Thread 0x0000019b88ddf370 Exception <a 'java/lang/ClassNotFoundException'{0x000000008ceb8e40}: TextArea> (0x000000008ceb8e40) 
thrown [s\open\src\hotspot\share\classfile\systemDictionary.cpp, line 255]
Event: 0.434 Thread 0x0000019b88ddf370 Exception <a 'java/lang/ClassNotFoundException'{0x000000008ceb9780}: TextPane> (0x000000008ceb9780) 
thrown [s\open\src\hotspot\share\classfile\systemDictionary.cpp, line 255]
Event: 0.434 Thread 0x0000019b88ddf370 Exception <a 'java/lang/ClassNotFoundException'{0x000000008ceb9be8}: EditorPane> (0x000000008ceb9be8) 
thrown [s\open\src\hotspot\share\classfile\systemDictionary.cpp, line 255]
Event: 0.434 Thread 0x0000019b88ddf370 Exception <a 'java/lang/ClassNotFoundException'{0x000000008ceba548}: ToolBar> (0x000000008ceba548) 
thrown [s\open\src\hotspot\share\classfile\systemDictionary.cpp, line 255]
Event: 0.434 Thread 0x0000019b88ddf370 Exception <a 'java/lang/ClassNotFoundException'{0x000000008cebaa40}: ToolBar> (0x000000008cebaa40) 
thrown [s\open\src\hotspot\share\classfile\systemDictionary.cpp, line 255]
Event: 0.434 Thread 0x0000019b88ddf370 Exception <a 'java/lang/ClassNotFoundException'{0x000000008cebada0}: Button> (0x000000008cebada0) 
thrown [s\open\src\hotspot\share\classfile\systemDictionary.cpp, line 255]
Event: 0.434 Thread 0x0000019b88ddf370 Exception <a 'java/lang/ClassNotFoundException'{0x000000008cebb268}: ToolBar> (0x000000008cebb268) 
thrown [s\open\src\hotspot\share\classfile\systemDictionary.cpp, line 255]
Event: 0.434 Thread 0x0000019b88ddf370 Exception <a 'java/lang/ClassNotFoundException'{0x000000008cebb5d8}: ToggleButton> (0x000000008cebb5d8) 
thrown [s\open\src\hotspot\share\classfile\systemDictionary.cpp, line 255]
Event: 0.434 Thread 0x0000019b88ddf370 Exception <a 'java/lang/ClassNotFoundException'{0x000000008cebba18}: javax/swing/JToolBarSeparator> (0x000000008cebba18) 
thrown [s\open\src\hotspot\share\classfile\systemDictionary.cpp, line 255]
Event: 0.434 Thread 0x0000019b88ddf370 Exception <a 'java/lang/ClassNotFoundException'{0x000000008cebbd28}: ToolBarSeparator> (0x000000008cebbd28) 
thrown [s\open\src\hotspot\share\classfile\systemDictionary.cpp, line 255]
Event: 0.435 Thread 0x0000019b88ddf370 Exception <a 'java/lang/ClassNotFoundException'{0x000000008cebc240}: ToolTip> (0x000000008cebc240) 
thrown [s\open\src\hotspot\share\classfile\systemDictionary.cpp, line 255]

VM Operations (4 events):
Event: 0.104 Executing VM operation: HandshakeAllThreads
Event: 0.104 Executing VM operation: HandshakeAllThreads done
Event: 0.223 Executing VM operation: HandshakeAllThreads
Event: 0.223 Executing VM operation: HandshakeAllThreads done

Events (15 events):
Event: 0.033 Thread 0x0000019b88ddf370 Thread added: 0x0000019b88ddf370
Event: 0.050 Thread 0x0000019ba6ad4740 Thread added: 0x0000019ba6ad4740
Event: 0.050 Thread 0x0000019ba6ad5400 Thread added: 0x0000019ba6ad5400
Event: 0.051 Thread 0x0000019ba6ad7450 Thread added: 0x0000019ba6ad7450
Event: 0.051 Thread 0x0000019ba6ad8e80 Thread added: 0x0000019ba6ad8e80
Event: 0.051 Thread 0x0000019ba6adb050 Thread added: 0x0000019ba6adb050
Event: 0.051 Thread 0x0000019ba6ae1720 Thread added: 0x0000019ba6ae1720
Event: 0.051 Thread 0x0000019ba6ae6b50 Thread added: 0x0000019ba6ae6b50
Event: 0.051 Thread 0x0000019ba6ae8400 Thread added: 0x0000019ba6ae8400
Event: 0.052 Thread 0x0000019ba6afdcf0 Thread added: 0x0000019ba6afdcf0
Event: 0.080 Thread 0x0000019ba6aa8f00 Thread added: 0x0000019ba6aa8f00
Event: 0.119 Thread 0x0000019baaea0840 Thread added: 0x0000019baaea0840
Event: 0.267 Thread 0x0000019baaf89100 Thread added: 0x0000019baaf89100
Event: 0.268 Thread 0x0000019bab044020 Thread added: 0x0000019bab044020
Event: 0.270 Thread 0x0000019bab04c580 Thread added: 0x0000019bab04c580


Dynamic libraries:
0x00007ff668c90000 - 0x00007ff668ca0000 	C:\Program Files\Java\jdk-19\bin\java.exe
0x00007ffaeb9b0000 - 0x00007ffaebbc7000 	C:\WINDOWS\SYSTEM32\ntdll.dll
0x00007ffa84940000 - 0x00007ffa84959000 	C:\Program Files\Avast Software\Avast\aswhook.dll
0x00007ffae9ce0000 - 0x00007ffae9da4000 	C:\WINDOWS\System32\KERNEL32.DLL
0x00007ffae8e40000 - 0x00007ffae91e5000 	C:\WINDOWS\System32\KERNELBASE.dll
0x00007ffae91f0000 - 0x00007ffae9301000 	C:\WINDOWS\System32\ucrtbase.dll
0x00007ffae1500000 - 0x00007ffae1518000 	C:\Program Files\Java\jdk-19\bin\jli.dll
0x00007ffaca900000 - 0x00007ffaca91b000 	C:\Program Files\Java\jdk-19\bin\VCRUNTIME140.dll
0x00007ffaea5f0000 - 0x00007ffaea6a1000 	C:\WINDOWS\System32\ADVAPI32.dll
0x00007ffae9c30000 - 0x00007ffae9cd7000 	C:\WINDOWS\System32\msvcrt.dll
0x00007ffaea340000 - 0x00007ffaea3e6000 	C:\WINDOWS\System32\sechost.dll
0x00007ffae99b0000 - 0x00007ffae9ac7000 	C:\WINDOWS\System32\RPCRT4.dll
0x00007ffaeb7c0000 - 0x00007ffaeb96e000 	C:\WINDOWS\System32\USER32.dll
0x00007ffae96d0000 - 0x00007ffae96f6000 	C:\WINDOWS\System32\win32u.dll
0x00007ffabb2f0000 - 0x00007ffabb583000 	C:\WINDOWS\WinSxS\amd64_microsoft.windows.common-controls_6595b64144ccf1df_6.0.22621.2506_none_270c5ae97388e100\COMCTL32.dll
0x00007ffae9840000 - 0x00007ffae9869000 	C:\WINDOWS\System32\GDI32.dll
0x00007ffae8d20000 - 0x00007ffae8e39000 	C:\WINDOWS\System32\gdi32full.dll
0x00007ffae9630000 - 0x00007ffae96ca000 	C:\WINDOWS\System32\msvcp_win.dll
0x00007ffadb940000 - 0x00007ffadb94a000 	C:\WINDOWS\SYSTEM32\VERSION.dll
0x00007ffaeb160000 - 0x00007ffaeb191000 	C:\WINDOWS\System32\IMM32.DLL
0x00007ffaca8f0000 - 0x00007ffaca8fc000 	C:\Program Files\Java\jdk-19\bin\vcruntime140_1.dll
0x00007ffa7d420000 - 0x00007ffa7d4ae000 	C:\Program Files\Java\jdk-19\bin\msvcp140.dll
0x00007ffa7c510000 - 0x00007ffa7d1d0000 	C:\Program Files\Java\jdk-19\bin\server\jvm.dll
0x00007ffab7180000 - 0x00007ffab7189000 	C:\WINDOWS\SYSTEM32\WSOCK32.dll
0x00007ffae9930000 - 0x00007ffae99a1000 	C:\WINDOWS\System32\WS2_32.dll
0x00007ffadc0c0000 - 0x00007ffadc0f4000 	C:\WINDOWS\SYSTEM32\WINMM.dll
0x00007ffae7d20000 - 0x00007ffae7d38000 	C:\WINDOWS\SYSTEM32\kernel.appcore.dll
0x00007ffaca8e0000 - 0x00007ffaca8ea000 	C:\Program Files\Java\jdk-19\bin\jimage.dll
0x00007ffae67c0000 - 0x00007ffae69f3000 	C:\WINDOWS\SYSTEM32\DBGHELP.DLL
0x00007ffae9db0000 - 0x00007ffaea139000 	C:\WINDOWS\System32\combase.dll
0x00007ffaea410000 - 0x00007ffaea4e7000 	C:\WINDOWS\System32\OLEAUT32.dll
0x00007fface7b0000 - 0x00007fface7e2000 	C:\WINDOWS\SYSTEM32\dbgcore.DLL
0x00007ffae9380000 - 0x00007ffae93fa000 	C:\WINDOWS\System32\bcryptPrimitives.dll
0x00007ffabe3a0000 - 0x00007ffabe3c6000 	C:\Program Files\Java\jdk-19\bin\java.dll
0x00007ffaaf550000 - 0x00007ffaaf627000 	C:\Program Files\Java\jdk-19\bin\jsvml.dll
0x00007ffaea900000 - 0x00007ffaeb159000 	C:\WINDOWS\System32\SHELL32.dll
0x00007ffae6c40000 - 0x00007ffae7534000 	C:\WINDOWS\SYSTEM32\windows.storage.dll
0x00007ffae6b00000 - 0x00007ffae6c3e000 	C:\WINDOWS\SYSTEM32\wintypes.dll
0x00007ffae9ad0000 - 0x00007ffae9bc3000 	C:\WINDOWS\System32\SHCORE.dll
0x00007ffae9bd0000 - 0x00007ffae9c2e000 	C:\WINDOWS\System32\shlwapi.dll
0x00007ffae8c50000 - 0x00007ffae8c76000 	C:\WINDOWS\SYSTEM32\profapi.dll
0x00007ffabe380000 - 0x00007ffabe393000 	C:\Program Files\Java\jdk-19\bin\net.dll
0x00007ffade090000 - 0x00007ffade1c7000 	C:\WINDOWS\SYSTEM32\WINHTTP.dll
0x00007ffae81a0000 - 0x00007ffae8209000 	C:\WINDOWS\system32\mswsock.dll
0x00007ffabe240000 - 0x00007ffabe256000 	C:\Program Files\Java\jdk-19\bin\nio.dll
0x00007ffabe220000 - 0x00007ffabe238000 	C:\Program Files\Java\jdk-19\bin\zip.dll
0x00007ffa859b0000 - 0x00007ffa85b41000 	C:\Program Files\Java\jdk-19\bin\awt.dll
0x00007ffae34d0000 - 0x00007ffae3567000 	C:\WINDOWS\SYSTEM32\apphelp.dll
0x00007ffae5c20000 - 0x00007ffae5ccb000 	C:\WINDOWS\system32\uxtheme.dll
0x00007ffaea1b0000 - 0x00007ffaea2ff000 	C:\WINDOWS\System32\MSCTF.dll
0x00007ffaeb1a0000 - 0x00007ffaeb340000 	C:\WINDOWS\System32\ole32.dll
0x00007ffae5eb0000 - 0x00007ffae5edb000 	C:\WINDOWS\system32\DWMAPI.DLL
0x00007ffa7d390000 - 0x00007ffa7d416000 	C:\Program Files\Java\jdk-19\bin\freetype.dll
0x00007ffa7c460000 - 0x00007ffa7c509000 	C:\Program Files\Java\jdk-19\bin\fontmanager.dll

dbghelp: loaded successfully - version: 4.0.5 - missing functions: none
symbol engine: initialized successfully - sym options: 0x614 - pdb path: .;C:\Program Files\Java\jdk-19\bin;C:\WINDOWS\SYSTEM32;C:\Program Files\Avast Software\Avast;C:\WINDOWS\WinSxS\amd64_microsoft.windows.common-controls_6595b64144ccf1df_6.0.22621.2506_none_270c5ae97388e100;C:\Program Files\Java\jdk-19\bin\server

VM Arguments:
jvm_args: -Dfile.encoding=UTF-8 --module-path=E:\Git\BanAoSoMi_DuAn1\DuAn1.Nhom1\build\classes 
java_command: View.BanAoSoMi
java_class_path (initial): D:\FPT Polytechnic\JAVA3\sqljdbc_12.2\enu\mssql-jdbc-12.2.0.jre11.jar;C:\Program Files\NetBeans-15\netbeans\java\modules\ext\AbsoluteLayout.jar;E:\Git\BanAoSoMi_DuAn1\DuAn1.Nhom1\build\classes
Launcher Type: SUN_STANDARD

[Global flags]
     intx CICompilerCount                          = 3                                         {product} {ergonomic}
     uint ConcGCThreads                            = 1                                         {product} {ergonomic}
     uint G1ConcRefinementThreads                  = 4                                         {product} {ergonomic}
   size_t G1HeapRegionSize                         = 1048576                                   {product} {ergonomic}
    uintx GCDrainStackTargetSize                   = 64                                        {product} {ergonomic}
   size_t InitialHeapSize                          = 130023424                                 {product} {ergonomic}
   size_t MarkStackSize                            = 4194304                                   {product} {ergonomic}
   size_t MaxHeapSize                              = 2055208960                                {product} {ergonomic}
   size_t MaxNewSize                               = 1233125376                                {product} {ergonomic}
   size_t MinHeapDeltaBytes                        = 1048576                                   {product} {ergonomic}
   size_t MinHeapSize                              = 8388608                                   {product} {ergonomic}
    uintx NonNMethodCodeHeapSize                   = 5832780                                {pd product} {ergonomic}
    uintx NonProfiledCodeHeapSize                  = 122912730                              {pd product} {ergonomic}
    uintx ProfiledCodeHeapSize                     = 122912730                              {pd product} {ergonomic}
    uintx ReservedCodeCacheSize                    = 251658240                              {pd product} {ergonomic}
     bool SegmentedCodeCache                       = true                                      {product} {ergonomic}
   size_t SoftMaxHeapSize                          = 2055208960                             {manageable} {ergonomic}
     bool UseCompressedClassPointers               = true                           {product lp64_product} {ergonomic}
     bool UseCompressedOops                        = true                           {product lp64_product} {ergonomic}
     bool UseG1GC                                  = true                                      {product} {ergonomic}
     bool UseLargePagesIndividualAllocation        = false                                  {pd product} {ergonomic}

Logging:
Log output configuration:
 #0: stdout all=warning uptime,level,tags foldmultilines=false
 #1: stderr all=off uptime,level,tags foldmultilines=false

Environment Variables:
PATH=C:\Program Files\Common Files\Oracle\Java\javapath;C:\WINDOWS\system32;C:\WINDOWS;C:\WINDOWS\System32\Wbem;C:\WINDOWS\System32\WindowsPowerShell\v1.0\;C:\WINDOWS\System32\OpenSSH\;C:\MinGW\bin;C:\Program Files\Microsoft SQL Server\Client SDK\ODBC\170\Tools\Binn\;C:\Program Files (x86)\Microsoft SQL Server\150\Tools\Binn\;C:\Program Files\Microsoft SQL Server\150\Tools\Binn\;C:\Program Files\Microsoft SQL Server\150\DTS\Binn\;C:\Program Files\Azure Data Studio\bin;D:\150\Tools\Binn\;D:\150\DTS\Binn\;C:\Program Files (x86)\Microsoft SQL Server\150\DTS\Binn\;C:\Program Files (x86)\Microsoft SQL Server\160\Tools\Binn\;C:\Program Files\Microsoft SQL Server\160\Tools\Binn\;C:\Program Files\Microsoft SQL Server\160\DTS\Binn\;C:\Program Files (x86)\Microsoft SQL Server\160\DTS\Binn\;C:\Program Files\Git\cmd;C:\Users\fpt\AppData\Local\Microsoft\WindowsApps;C:\Users\fpt\AppData\Local\Programs\Microsoft VS Code\bin;C:\Program Files\Azure Data Studio\bin;C:\Users\fpt\AppData\Local\GitHubDesktop\bin
USERNAME=fpt
OS=Windows_NT
PROCESSOR_IDENTIFIER=Intel64 Family 6 Model 140 Stepping 1, GenuineIntel
TMP=C:\Users\fpt\AppData\Local\Temp
TEMP=C:\Users\fpt\AppData\Local\Temp



---------------  S Y S T E M  ---------------

OS:
 Windows 11 , 64 bit Build 22621 (10.0.22621.2506)
OS uptime: 1 days 2:41 hours

CPU: total 4 (initial active 4) (2 cores per cpu, 2 threads per core) family 6 model 140 stepping 1 microcode 0x9a, cx8, cmov, fxsr, ht, mmx, 3dnowpref, sse, sse2, sse3, ssse3, sse4.1, sse4.2, popcnt, lzcnt, tsc, tscinvbit, avx, avx2, aes, erms, clmul, bmi1, bmi2, adx, avx512f, avx512dq, avx512cd, avx512bw, avx512vl, sha, fma, vzeroupper, avx512_vpopcntdq, avx512_vpclmulqdq, avx512_vaes, avx512_vnni, clflush, clflushopt, clwb, avx512_vbmi2, avx512_vbmi, rdtscp, rdpid, fsrm, gfni, avx512_bitalg

Memory: 4k page, system-wide physical 7835M (392M free)
TotalPageFile size 17585M (AvailPageFile size 3M)
current process WorkingSet (physical memory assigned to process): 49M, peak: 49M
current process commit charge ("private bytes"): 207M, peak: 207M

vm_info: Java HotSpot(TM) 64-Bit Server VM (19+36-2238) for windows-amd64 JRE (19+36-2238), built on 2022-08-12T20:29:01Z by "mach5one" with MS VC++ 17.1 (VS2022)

END.
